<?xml version="1.0" encoding="UTF-8"?>
<testng-results skipped="0" failed="0" ignored="0" total="12" passed="12">
  <reporter-output>
  </reporter-output>
  <suite name="TestNGXMLTest Test Suite" duration-ms="47" started-at="2019-03-05T03:17:41Z" finished-at="2019-03-05T03:17:41Z">
    <groups>
    </groups>
    <test name="TestNGXMLTest Test" duration-ms="47" started-at="2019-03-05T03:17:41Z" finished-at="2019-03-05T03:17:41Z">
      <class name="com.qa.test.DemoTest">
        <test-method status="PASS" signature="div()[pri:0, instance:com.qa.test.DemoTest@82d64]" name="div" duration-ms="9" started-at="2019-03-05T03:17:41Z" finished-at="2019-03-05T03:17:41Z">
          <reporter-output>
          </reporter-output>
        </test-method> <!-- div -->
        <test-method status="PASS" signature="mult()[pri:0, instance:com.qa.test.DemoTest@82d64]" name="mult" duration-ms="0" started-at="2019-03-05T03:17:41Z" finished-at="2019-03-05T03:17:41Z">
          <reporter-output>
          </reporter-output>
        </test-method> <!-- mult -->
        <test-method status="PASS" signature="sub()[pri:0, instance:com.qa.test.DemoTest@82d64]" name="sub" duration-ms="0" started-at="2019-03-05T03:17:41Z" finished-at="2019-03-05T03:17:41Z">
          <reporter-output>
          </reporter-output>
        </test-method> <!-- sub -->
        <test-method status="PASS" signature="sum()[pri:0, instance:com.qa.test.DemoTest@82d64]" name="sum" duration-ms="0" started-at="2019-03-05T03:17:41Z" finished-at="2019-03-05T03:17:41Z">
          <reporter-output>
          </reporter-output>
        </test-method> <!-- sum -->
      </class> <!-- com.qa.test.DemoTest -->
      <class name="com.qa.test.DemoTest1">
        <test-method status="PASS" signature="div()[pri:0, instance:com.qa.test.DemoTest1@1fd3711]" name="div" duration-ms="1" started-at="2019-03-05T03:17:41Z" finished-at="2019-03-05T03:17:41Z">
          <reporter-output>
          </reporter-output>
        </test-method> <!-- div -->
        <test-method status="PASS" signature="mult()[pri:0, instance:com.qa.test.DemoTest1@1fd3711]" name="mult" duration-ms="0" started-at="2019-03-05T03:17:41Z" finished-at="2019-03-05T03:17:41Z">
          <reporter-output>
          </reporter-output>
        </test-method> <!-- mult -->
        <test-method status="PASS" signature="sum()[pri:0, instance:com.qa.test.DemoTest1@1fd3711]" name="sum" duration-ms="0" started-at="2019-03-05T03:17:41Z" finished-at="2019-03-05T03:17:41Z">
          <reporter-output>
          </reporter-output>
        </test-method> <!-- sum -->
        <test-method status="PASS" signature="sub()[pri:0, instance:com.qa.test.DemoTest1@1fd3711]" name="sub" duration-ms="0" started-at="2019-03-05T03:17:41Z" finished-at="2019-03-05T03:17:41Z">
          <reporter-output>
          </reporter-output>
        </test-method> <!-- sub -->
      </class> <!-- com.qa.test.DemoTest1 -->
      <class name="com.qa.test.DemoTest2">
        <test-method status="PASS" signature="div()[pri:0, instance:com.qa.test.DemoTest2@d3bd8b]" name="div" duration-ms="0" started-at="2019-03-05T03:17:41Z" finished-at="2019-03-05T03:17:41Z">
          <reporter-output>
          </reporter-output>
        </test-method> <!-- div -->
        <test-method status="PASS" signature="mult()[pri:0, instance:com.qa.test.DemoTest2@d3bd8b]" name="mult" duration-ms="1" started-at="2019-03-05T03:17:41Z" finished-at="2019-03-05T03:17:41Z">
          <reporter-output>
          </reporter-output>
        </test-method> <!-- mult -->
        <test-method status="PASS" signature="sum()[pri:0, instance:com.qa.test.DemoTest2@d3bd8b]" name="sum" duration-ms="1" started-at="2019-03-05T03:17:41Z" finished-at="2019-03-05T03:17:41Z">
          <reporter-output>
          </reporter-output>
        </test-method> <!-- sum -->
        <test-method status="PASS" signature="sub()[pri:0, instance:com.qa.test.DemoTest2@d3bd8b]" name="sub" duration-ms="0" started-at="2019-03-05T03:17:41Z" finished-at="2019-03-05T03:17:41Z">
          <reporter-output>
          </reporter-output>
        </test-method> <!-- sub -->
      </class> <!-- com.qa.test.DemoTest2 -->
    </test> <!-- TestNGXMLTest Test -->
  </suite> <!-- TestNGXMLTest Test Suite -->
</testng-results>
