<?xml version="1.0" encoding="UTF-8"?>
<!-- Generated by org.testng.reporters.JUnitXMLReporter -->
<testsuite hostname="Basavaraj-PC" ignored="0" name="Default test" tests="4" failures="0" timestamp="05 Mar 2019 02:25:58 GMT" time="0.076" errors="0">
  <testcase name="div" time="0.019" classname="com.qa.test.DemoTest"/>
  <testcase name="mult" time="0.005" classname="com.qa.test.DemoTest"/>
  <testcase name="sub" time="0.001" classname="com.qa.test.DemoTest"/>
  <testcase name="sum" time="0.001" classname="com.qa.test.DemoTest"/>
</testsuite> <!-- Default test -->
