<?xml version="1.0" encoding="UTF-8"?>
<!-- Generated by org.testng.reporters.JUnitReportReporter -->
<testsuite skipped="0" hostname="Basavaraj-PC" name="com.qa.test.DemoTest2" tests="4" failures="0" timestamp="05 Mar 2019 03:17:41 GMT" time="0.002" errors="0">
  <testcase name="div" time="0.000" classname="com.qa.test.DemoTest2"/>
  <testcase name="sum" time="0.001" classname="com.qa.test.DemoTest2"/>
  <testcase name="sub" time="0.000" classname="com.qa.test.DemoTest2"/>
  <testcase name="mult" time="0.001" classname="com.qa.test.DemoTest2"/>
</testsuite> <!-- com.qa.test.DemoTest2 -->
