<?xml version="1.0" encoding="UTF-8"?>
<testng-results skipped="0" failed="0" ignored="0" total="1" passed="1">
  <reporter-output>
  </reporter-output>
  <suite name="Default suite" duration-ms="8401" started-at="2019-03-02T10:52:54Z" finished-at="2019-03-02T10:53:02Z">
    <groups>
    </groups>
    <test name="Default test" duration-ms="8401" started-at="2019-03-02T10:52:54Z" finished-at="2019-03-02T10:53:02Z">
      <class name="com.qa.sessions.LaunchBrowser">
        <test-method status="PASS" signature="test()[pri:0, instance:com.qa.sessions.LaunchBrowser@19e13df]" name="test" duration-ms="8252" started-at="2019-03-02T10:52:54Z" finished-at="2019-03-02T10:53:02Z">
          <reporter-output>
          </reporter-output>
        </test-method> <!-- test -->
      </class> <!-- com.qa.sessions.LaunchBrowser -->
    </test> <!-- Default test -->
  </suite> <!-- Default suite -->
</testng-results>
